TN:
SF:src/presentation/helpers/http-response.ts
FN:5,badRequest
FN:12,serverError
FN:19,unauthorizedError
FN:26,ok
FNF:4
FNH:4
FNDA:3,badRequest
FNDA:5,serverError
FNDA:1,unauthorizedError
FNDA:2,ok
DA:1,1
DA:2,1
DA:3,1
DA:4,1
DA:5,1
DA:6,3
DA:7,3
DA:8,3
DA:9,3
DA:10,3
DA:11,1
DA:12,1
DA:13,5
DA:14,5
DA:15,5
DA:16,5
DA:17,5
DA:18,1
DA:19,1
DA:20,1
DA:21,1
DA:22,1
DA:23,1
DA:24,1
DA:25,1
DA:26,1
DA:27,2
DA:28,2
DA:29,2
DA:30,2
DA:31,2
DA:32,1
LF:32
LH:32
BRDA:5,0,0,3
BRDA:12,1,0,5
BRDA:19,2,0,1
BRDA:26,3,0,2
BRF:4
BRH:4
end_of_record
TN:
SF:src/presentation/helpers/invalid-param-error.ts
FN:2,InvalidParamError
FNF:1
FNH:1
FNDA:2,InvalidParamError
DA:1,1
DA:2,1
DA:3,2
DA:4,2
DA:5,2
DA:6,1
LF:6
LH:6
BRDA:2,0,0,2
BRF:1
BRH:1
end_of_record
TN:
SF:src/presentation/helpers/missing-param-error.ts
FN:2,MissingParamError
FN:9,MissingServerError
FNF:2
FNH:2
FNDA:4,MissingParamError
FNDA:5,MissingServerError
DA:1,1
DA:2,1
DA:3,4
DA:4,4
DA:5,4
DA:6,1
DA:7,1
DA:8,1
DA:9,1
DA:10,5
DA:11,5
DA:12,5
DA:13,1
LF:13
LH:13
BRDA:2,0,0,4
BRDA:9,1,0,5
BRF:2
BRH:2
end_of_record
TN:
SF:src/presentation/helpers/unauthorizedError.ts
FN:2,UnauthorizedError
FNF:1
FNH:1
FNDA:2,UnauthorizedError
DA:1,1
DA:2,1
DA:3,2
DA:4,2
DA:5,2
DA:6,1
LF:6
LH:6
BRDA:2,0,0,2
BRF:1
BRH:1
end_of_record
TN:
SF:src/presentation/routers/login-router.ts
FN:15,LoginRouter
FN:20,route
FNF:2
FNH:2
FNDA:11,LoginRouter
FNDA:11,route
DA:1,1
DA:2,1
DA:3,1
DA:4,1
DA:5,1
DA:6,1
DA:7,1
DA:8,1
DA:9,1
DA:10,1
DA:11,1
DA:12,1
DA:13,1
DA:14,1
DA:15,1
DA:16,11
DA:17,11
DA:18,11
DA:19,1
DA:20,1
DA:21,11
DA:22,11
DA:23,11
DA:24,1
DA:25,1
DA:26,11
DA:27,1
DA:28,1
DA:29,11
DA:30,1
DA:31,1
DA:32,5
DA:33,11
DA:34,1
DA:35,1
DA:36,2
DA:37,11
DA:38,5
DA:39,5
DA:40,11
DA:41,11
DA:42,11
DA:43,11
DA:44,11
DA:45,11
DA:46,11
DA:47,11
DA:48,11
DA:49,11
DA:50,11
DA:51,1
LF:51
LH:51
BRDA:15,0,0,11
BRDA:20,1,0,11
BRDA:23,2,0,1
BRDA:26,3,0,8
BRDA:26,4,0,1
BRDA:29,5,0,6
BRDA:29,6,0,1
BRDA:32,7,0,5
BRDA:33,8,0,3
BRDA:33,9,0,1
BRDA:36,10,0,2
BRDA:37,11,0,5
BRF:12
BRH:12
end_of_record
